<?xml version="1.0" encoding="UTF-8"?>
<!-- Generated by org.testng.reporters.JUnitXMLReporter -->
<testsuite hostname="ADMIN-PC" ignored="0" name="Test" tests="2" failures="0" timestamp="2022-10-24T11:26:52 IST" time="0.123" errors="0">
  <testcase name="@BeforeTest launchBrowser" time="-1.666591012014E9" classname="facebooklogin.TestClassforcrossbrws">
    <failure type="org.testng.TestNGException" message="
Can inject only one of &amp;lt;ITestContext, XmlTest&amp;gt; into a @BeforeTest annotated launchBrowser.
For more information on native dependency injection please refer to https://testng.org/doc/documentation-main.html#native-dependency-injection">
      <![CDATA[org.testng.TestNGException: 
Can inject only one of <ITestContext, XmlTest> into a @BeforeTest annotated launchBrowser.
For more information on native dependency injection please refer to https://testng.org/doc/documentation-main.html#native-dependency-injection
... Removed 21 stack frames]]>
    </failure>
  </testcase> <!-- @BeforeTest launchBrowser -->
  <testcase name="@BeforeClass createPOMObjects" time="-1.666591012064E9" classname="facebooklogin.TestClassforcrossbrws">
    <skipped/>
  </testcase> <!-- @BeforeClass createPOMObjects -->
  <testcase name="@BeforeMethod beforeMethod" time="-1.666591012086E9" classname="facebooklogin.TestClassforcrossbrws">
    <skipped/>
  </testcase> <!-- @BeforeMethod beforeMethod -->
  <testcase name="@AfterMethod logOutFromApllication" time="-1.666591012099E9" classname="facebooklogin.TestClassforcrossbrws">
    <skipped/>
  </testcase> <!-- @AfterMethod logOutFromApllication -->
  <testcase name="@BeforeMethod beforeMethod" time="-1.666591012102E9" classname="facebooklogin.TestClassforcrossbrws">
    <skipped/>
  </testcase> <!-- @BeforeMethod beforeMethod -->
  <testcase name="@AfterMethod logOutFromApllication" time="-1.666591012111E9" classname="facebooklogin.TestClassforcrossbrws">
    <skipped/>
  </testcase> <!-- @AfterMethod logOutFromApllication -->
  <testcase name="@AfterClass clearObject" time="-1.666591012115E9" classname="facebooklogin.TestClassforcrossbrws">
    <skipped/>
  </testcase> <!-- @AfterClass clearObject -->
  <testcase name="@AfterTest closeBrowser" time="-1.666591012123E9" classname="facebooklogin.TestClassforcrossbrws">
    <skipped/>
  </testcase> <!-- @AfterTest closeBrowser -->
  <testcase name="test123" time="0.0" classname="facebooklogin.TestClassforcrossbrws">
    <skipped/>
  </testcase> <!-- test123 -->
  <testcase name="test1234" time="0.0" classname="facebooklogin.TestClassforcrossbrws">
    <skipped/>
  </testcase> <!-- test1234 -->
</testsuite> <!-- Test -->
