<?xml version="1.0" encoding="UTF-8"?>
<!-- Generated by org.testng.reporters.JUnitXMLReporter -->
<testsuite hostname="ADMIN-PC" ignored="0" name="Test121" tests="2" failures="0" timestamp="2022-10-22T21:47:03 IST" time="0.121" errors="0">
  <testcase name="@BeforeTest launchBrowser" time="-1.666455423708E9" classname="facebooklogin.TestClass">
    <failure type="org.testng.TestNGException" message="
Can inject only one of &amp;lt;ITestContext, XmlTest&amp;gt; into a @BeforeTest annotated launchBrowser.
For more information on native dependency injection please refer to https://testng.org/doc/documentation-main.html#native-dependency-injection">
      <![CDATA[org.testng.TestNGException: 
Can inject only one of <ITestContext, XmlTest> into a @BeforeTest annotated launchBrowser.
For more information on native dependency injection please refer to https://testng.org/doc/documentation-main.html#native-dependency-injection
... Removed 21 stack frames]]>
    </failure>
  </testcase> <!-- @BeforeTest launchBrowser -->
  <testcase name="@BeforeMethod beforeMethod" time="-1.666455423785E9" classname="facebooklogin.TestClass">
    <skipped/>
  </testcase> <!-- @BeforeMethod beforeMethod -->
  <testcase name="@BeforeMethod beforeMethod" time="-1.666455423803E9" classname="facebooklogin.TestClass">
    <skipped/>
  </testcase> <!-- @BeforeMethod beforeMethod -->
  <testcase name="test123" time="0.0" classname="facebooklogin.TestClass">
    <skipped/>
  </testcase> <!-- test123 -->
  <testcase name="test1234" time="0.0" classname="facebooklogin.TestClass">
    <skipped/>
  </testcase> <!-- test1234 -->
</testsuite> <!-- Test121 -->
